Arguments: 
  /usr/local/Cellar/node/12.10.0/bin/node /usr/local/Cellar/yarn/1.19.0/libexec/bin/yarn.js add jest@22.4.2

PATH: 
  /Library/Java/JavaVirtualMachines/jdk1.7.0_80.jdk/Contents/Home/bin:/usr/local/opt/ncurses/bin:/usr/local/opt/icu4c/bin:/usr/local/opt/maven@3.3/bin:/usr/local/bin:/usr/bin:/bin:/usr/sbin:/sbin:/opt/X11/bin:/Library/Java/JavaVirtualMachines/jdk1.7.0_80.jdk/Contents/Home/bin:/usr/local/opt/ncurses/bin:/usr/local/opt/icu4c/bin:/usr/local/opt/maven@3.3/bin:

Yarn version: 
  1.19.0

Node version: 
  12.10.0

Platform: 
  darwin x64

Trace: 
  SyntaxError: /Users/jaxchow/workspace/alienjs/package.json: Unexpected token } in JSON at position 140
      at JSON.parse (<anonymous>)
      at /usr/local/Cellar/yarn/1.19.0/libexec/lib/cli.js:1625:59
      at Generator.next (<anonymous>)
      at step (/usr/local/Cellar/yarn/1.19.0/libexec/lib/cli.js:304:30)
      at /usr/local/Cellar/yarn/1.19.0/libexec/lib/cli.js:315:13

npm manifest: 
  {
    "name": "alienjs",
    "version": "0.0.1",
    "description": "",
    "main": "index.js",
    "scripts": {
      "start": "babel-node app/app",
    },
    "author": "",
    "license": "ISC",
    "dependencies": {
  		"babel": "^6.3.26",
  		"babel-node":"^6.26.0",
      "babel-polyfill": "^6.3.14",
      "bcrypt": "^0.8.5",
      "chai": "^3.5.0",
      "koa": "^2.0.0-alpha.3",
      "koa-body": "^1.4.0",
      "koa-convert": "^1.2.0",
      "koa-cors": "0.0.16",
      "koa-favicon": "^1.2.0",
      "koa-gzip": "^0.1.0",
      "koa-logger": "^1.3.0",
      "koa-response-time": "^1.0.2",
      "koa-router": "^7.0.1",
      "koa-session": "^3.3.1",
      "koa-slow": "^0.2.0",
      "koa-static": "^2.0.0",
      "koa.io": "0.0.3",
      "react": "^0.14.7",
      "react-dom": "^0.14.7",
      "sails-disk": "^0.10.8",
      "waterline": "^0.10.31"
    },
    "config": {
      "middleware": {
        "favicon": {
          "path": "favicon.ico"
        },
        "static": {
          "path": "public"
        }
      }
    },
    "devDependencies": {
  		"babel-cli": "^6.4.5",
      "babel-core": "^6.3.26",
      "babel-loader": "^6.2.1",
      "babel-plugin-transform-regenerator": "^6.6.5",
      "babel-plugin-transform-runtime": "^6.6.0",
      "babel-polyfill": "^6.6.1",
      "babel-preset-es2015": "^6.3.13",
      "babel-preset-stage-0": "^6.3.13",
      "koa-livereload": "^0.1.23",
      "mocha": "^2.4.5",
      "mocha-co": "^1.17.1",
      "sails-memory": "^0.10.6",
      "supertest": "^1.2.0"
    }
  }

yarn manifest: 
  No manifest

Lockfile: 
  No lockfile
